<?xml version="1.0" encoding="UTF-8"?>
<testng-results ignored="0" total="2" passed="2" failed="0" skipped="0">
  <reporter-output>
  </reporter-output>
  <suite started-at="2024-11-17T17:00:49 IST" name="Default suite" finished-at="2024-11-17T17:02:38 IST" duration-ms="109787">
    <groups>
    </groups>
    <test started-at="2024-11-17T17:00:49 IST" name="Default test" finished-at="2024-11-17T17:02:38 IST" duration-ms="109787">
      <class name="com.gayu.Gayathri.MRIPageclicks">
        <test-method is-config="true" signature="setup()[pri:0, instance:com.gayu.Gayathri.MRIPageclicks@298a5e20]" started-at="2024-11-17T17:00:49 IST" name="setup" finished-at="2024-11-17T17:00:51 IST" duration-ms="2581" status="PASS">
          <reporter-output>
          </reporter-output>
        </test-method> <!-- setup -->
        <test-method signature="testSanity()[pri:1, instance:com.gayu.Gayathri.MRIPageclicks@298a5e20]" started-at="2024-11-17T17:00:51 IST" name="testSanity" finished-at="2024-11-17T17:00:57 IST" duration-ms="5179" status="PASS">
          <reporter-output>
          </reporter-output>
        </test-method> <!-- testSanity -->
        <test-method signature="Videovalidate()[pri:2, instance:com.gayu.Gayathri.MRIPageclicks@298a5e20]" started-at="2024-11-17T17:00:57 IST" name="Videovalidate" finished-at="2024-11-17T17:02:38 IST" duration-ms="101511" status="PASS">
          <reporter-output>
          </reporter-output>
        </test-method> <!-- Videovalidate -->
        <test-method is-config="true" signature="tearDown()[pri:0, instance:com.gayu.Gayathri.MRIPageclicks@298a5e20]" started-at="2024-11-17T17:02:38 IST" name="tearDown" finished-at="2024-11-17T17:02:38 IST" duration-ms="395" status="PASS">
          <reporter-output>
          </reporter-output>
        </test-method> <!-- tearDown -->
      </class> <!-- com.gayu.Gayathri.MRIPageclicks -->
    </test> <!-- Default test -->
  </suite> <!-- Default suite -->
</testng-results>
